Flutter crash report.
Please report a bug at https://github.com/flutter/flutter/issues.

## command

flutter pub add cloud_firestore

## exception

PathAccessException: PathAccessException: Deletion failed, path = 'C:\flutterdev\umayorcart\umayor_cart\umayorcart\crud\crud\linux\flutter\ephemeral\.plugin_symlinks' (OS Error: The process cannot access the file because it is being used by another process.
, errno = 32)

```
#0      _Directory._deleteSync (dart:io/directory_impl.dart:193:7)
#1      FileSystemEntity.deleteSync (dart:io/file_system_entity.dart:424:7)
#2      ForwardingFileSystemEntity.deleteSync (package:file/src/forwarding/forwarding_file_system_entity.dart:70:16)
#3      ErrorHandlingDirectory.deleteSync.<anonymous closure> (package:flutter_tools/src/base/error_handling_io.dart:481:22)
#4      _runSync (package:flutter_tools/src/base/error_handling_io.dart:590:14)
#5      ErrorHandlingDirectory.deleteSync (package:flutter_tools/src/base/error_handling_io.dart:480:12)
#6      _createPlatformPluginSymlinks (package:flutter_tools/src/flutter_plugins.dart:1041:22)
#7      createPluginSymlinks (package:flutter_tools/src/flutter_plugins.dart:992:5)
#8      refreshPluginsList (package:flutter_tools/src/flutter_plugins.dart:1087:5)
<asynchronous suspension>
#9      FlutterProject.ensureReadyForPlatformSpecificTooling (package:flutter_tools/src/project.dart:355:5)
<asynchronous suspension>
#10     PackagesGetCommand.runCommand (package:flutter_tools/src/commands/packages.dart:326:7)
<asynchronous suspension>
#11     FlutterCommand.run.<anonymous closure> (package:flutter_tools/src/runner/flutter_command.dart:1336:27)
<asynchronous suspension>
#12     AppContext.run.<anonymous closure> (package:flutter_tools/src/base/context.dart:150:19)
<asynchronous suspension>
#13     CommandRunner.runCommand (package:args/command_runner.dart:212:13)
<asynchronous suspension>
#14     FlutterCommandRunner.runCommand.<anonymous closure> (package:flutter_tools/src/runner/flutter_command_runner.dart:296:9)
<asynchronous suspension>
#15     AppContext.run.<anonymous closure> (package:flutter_tools/src/base/context.dart:150:19)
<asynchronous suspension>
#16     FlutterCommandRunner.runCommand (package:flutter_tools/src/runner/flutter_command_runner.dart:244:5)
<asynchronous suspension>
#17     run.<anonymous closure>.<anonymous closure> (package:flutter_tools/runner.dart:91:9)
<asynchronous suspension>
#18     AppContext.run.<anonymous closure> (package:flutter_tools/src/base/context.dart:150:19)
<asynchronous suspension>
#19     main (package:flutter_tools/executable.dart:91:3)
<asynchronous suspension>
```

## flutter doctor

```
[!] Flutter (Channel stable, 3.10.5, on Microsoft Windows [Version 10.0.22621.2428], locale en-US)
    • Flutter version 3.10.5 on channel stable at C:\Users\rodri\flutter\flutter_windows_3.10.5-stable\flutter
    ! Warning: `flutter` on your path resolves to C:\flutter\bin\flutter, which is not inside your current Flutter SDK checkout at C:\Users\rodri\flutter\flutter_windows_3.10.5-stable\flutter. Consider adding C:\Users\rodri\flutter\flutter_windows_3.10.5-stable\flutter\bin to the front of your path.
    ! Warning: `dart` on your path resolves to C:\flutter\bin\dart, which is not inside your current Flutter SDK checkout at C:\Users\rodri\flutter\flutter_windows_3.10.5-stable\flutter. Consider adding C:\Users\rodri\flutter\flutter_windows_3.10.5-stable\flutter\bin to the front of your path.
    • Upstream repository https://github.com/flutter/flutter.git
    • Framework revision 796c8ef792 (5 months ago), 2023-06-13 15:51:02 -0700
    • Engine revision 45f6e00911
    • Dart version 3.0.5
    • DevTools version 2.23.1
    • If those were intentional, you can disregard the above warnings; however it is recommended to use "git" directly to perform update checks and upgrades.

[✓] Windows Version (Installed version of Windows is version 10 or higher)

[✓] Android toolchain - develop for Android devices (Android SDK version 34.0.0)
    • Android SDK at C:\Users\rodri\AppData\Local\Android\sdk
    • Platform android-34-ext8, build-tools 34.0.0
    • Java binary at: C:\Program Files\Android\Android Studio\jbr\bin\java
    • Java version OpenJDK Runtime Environment (build 17.0.6+0-b2043.56-10027231)
    • All Android licenses accepted.

[✓] Chrome - develop for the web
    • Chrome at C:\Program Files (x86)\Google\Chrome\Application\chrome.exe

[!] Visual Studio - develop for Windows (Visual Studio Community 2019 16.9.1)
    • Visual Studio at C:\Program Files (x86)\Microsoft Visual Studio\2019\Community
    • Visual Studio Community 2019 version 16.9.31105.61
    ! Unable to locate a Windows 10 SDK. If building fails, install the Windows 10 SDK in Visual Studio.

[✓] Android Studio (version 2022.3)
    • Android Studio at C:\Program Files\Android\Android Studio
    • Flutter plugin can be installed from:
      🔨 https://plugins.jetbrains.com/plugin/9212-flutter
    • Dart plugin can be installed from:
      🔨 https://plugins.jetbrains.com/plugin/6351-dart
    • Java version OpenJDK Runtime Environment (build 17.0.6+0-b2043.56-10027231)

[✓] VS Code (version 1.83.1)
    • VS Code at C:\Users\rodri\AppData\Local\Programs\Microsoft VS Code
    • Flutter extension version 3.75.20231002

[✓] Connected device (4 available)
    • sdk gphone64 x86 64 (mobile) • emulator-5554 • android-x64    • Android 14 (API 34) (emulator)
    • Windows (desktop)            • windows       • windows-x64    • Microsoft Windows [Version 10.0.22621.2428]
    • Chrome (web)                 • chrome        • web-javascript • Google Chrome 118.0.5993.89
    • Edge (web)                   • edge          • web-javascript • Microsoft Edge 118.0.2088.61

[✓] Network resources
    • All expected network resources are available.

! Doctor found issues in 2 categories.
```
